Determining if files io.h exist failed with the following output:
Change Dir: /home/kumaran/git/gromacs/CMakeFiles/CMakeTmp

Run Build Command:/usr/bin/make "cmTryCompileExec2129856154/fast"
/usr/bin/make -f CMakeFiles/cmTryCompileExec2129856154.dir/build.make CMakeFiles/cmTryCompileExec2129856154.dir/build
make[1]: Entering directory `/home/kumaran/git/gromacs/CMakeFiles/CMakeTmp'
/usr/bin/cmake -E cmake_progress_report /home/kumaran/git/gromacs/CMakeFiles/CMakeTmp/CMakeFiles 1
Building C object CMakeFiles/cmTryCompileExec2129856154.dir/CheckIncludeFiles.c.o
/usr/bin/cc   -Wundef -Wextra -Wno-missing-field-initializers -Wno-sign-compare -Wpointer-arith -Wall -Wno-unused -Wunused-value -Wunused-parameter     -o CMakeFiles/cmTryCompileExec2129856154.dir/CheckIncludeFiles.c.o   -c /home/kumaran/git/gromacs/CMakeFiles/CMakeTmp/CheckIncludeFiles.c
/home/kumaran/git/gromacs/CMakeFiles/CMakeTmp/CheckIncludeFiles.c:2:16: fatal error: io.h: No such file or directory
 #include <io.h>
                ^
compilation terminated.
make[1]: Leaving directory `/home/kumaran/git/gromacs/CMakeFiles/CMakeTmp'
make[1]: *** [CMakeFiles/cmTryCompileExec2129856154.dir/CheckIncludeFiles.c.o] Error 1
make: *** [cmTryCompileExec2129856154/fast] Error 2

Source:
/* */
#include <io.h>


int main(){return 0;}

Determining if the _fileno exist failed with the following output:
Change Dir: /home/kumaran/git/gromacs/CMakeFiles/CMakeTmp

Run Build Command:/usr/bin/make "cmTryCompileExec2859452242/fast"
/usr/bin/make -f CMakeFiles/cmTryCompileExec2859452242.dir/build.make CMakeFiles/cmTryCompileExec2859452242.dir/build
make[1]: Entering directory `/home/kumaran/git/gromacs/CMakeFiles/CMakeTmp'
/usr/bin/cmake -E cmake_progress_report /home/kumaran/git/gromacs/CMakeFiles/CMakeTmp/CMakeFiles 1
Building CXX object CMakeFiles/cmTryCompileExec2859452242.dir/CheckSymbolExists.cxx.o
/usr/bin/c++    -std=c++0x -Wundef -Wextra -Wno-missing-field-initializers -Wpointer-arith -Wall -Wno-unused-function     -o CMakeFiles/cmTryCompileExec2859452242.dir/CheckSymbolExists.cxx.o -c /home/kumaran/git/gromacs/CMakeFiles/CMakeTmp/CheckSymbolExists.cxx
/home/kumaran/git/gromacs/CMakeFiles/CMakeTmp/CheckSymbolExists.cxx: In function ‘int main(int, char**)’:
/home/kumaran/git/gromacs/CMakeFiles/CMakeTmp/CheckSymbolExists.cxx:8:19: error: ‘_fileno’ was not declared in this scope
   return ((int*)(&_fileno))[argc];
                   ^
make[1]: Leaving directory `/home/kumaran/git/gromacs/CMakeFiles/CMakeTmp'
make[1]: *** [CMakeFiles/cmTryCompileExec2859452242.dir/CheckSymbolExists.cxx.o] Error 1
make: *** [cmTryCompileExec2859452242/fast] Error 2

File /home/kumaran/git/gromacs/CMakeFiles/CMakeTmp/CheckSymbolExists.cxx:
/* */
#include <stdio.h>

int main(int argc, char** argv)
{
  (void)argv;
#ifndef _fileno
  return ((int*)(&_fileno))[argc];
#else
  (void)argc;
  return 0;
#endif
}

Determining if the _commit exist failed with the following output:
Change Dir: /home/kumaran/git/gromacs/CMakeFiles/CMakeTmp

Run Build Command:/usr/bin/make "cmTryCompileExec3332223998/fast"
/usr/bin/make -f CMakeFiles/cmTryCompileExec3332223998.dir/build.make CMakeFiles/cmTryCompileExec3332223998.dir/build
make[1]: Entering directory `/home/kumaran/git/gromacs/CMakeFiles/CMakeTmp'
/usr/bin/cmake -E cmake_progress_report /home/kumaran/git/gromacs/CMakeFiles/CMakeTmp/CMakeFiles 1
Building CXX object CMakeFiles/cmTryCompileExec3332223998.dir/CheckSymbolExists.cxx.o
/usr/bin/c++    -std=c++0x -Wundef -Wextra -Wno-missing-field-initializers -Wpointer-arith -Wall -Wno-unused-function     -o CMakeFiles/cmTryCompileExec3332223998.dir/CheckSymbolExists.cxx.o -c /home/kumaran/git/gromacs/CMakeFiles/CMakeTmp/CheckSymbolExists.cxx
/home/kumaran/git/gromacs/CMakeFiles/CMakeTmp/CheckSymbolExists.cxx:2:16: fatal error: io.h: No such file or directory
 #include <io.h>
                ^
compilation terminated.
make[1]: Leaving directory `/home/kumaran/git/gromacs/CMakeFiles/CMakeTmp'
make[1]: *** [CMakeFiles/cmTryCompileExec3332223998.dir/CheckSymbolExists.cxx.o] Error 1
make: *** [cmTryCompileExec3332223998/fast] Error 2

File /home/kumaran/git/gromacs/CMakeFiles/CMakeTmp/CheckSymbolExists.cxx:
/* */
#include <io.h>

int main(int argc, char** argv)
{
  (void)argv;
#ifndef _commit
  return ((int*)(&_commit))[argc];
#else
  (void)argc;
  return 0;
#endif
}

Determining if the memalign exist failed with the following output:
Change Dir: /home/kumaran/git/gromacs/CMakeFiles/CMakeTmp

Run Build Command:/usr/bin/make "cmTryCompileExec2207148087/fast"
/usr/bin/make -f CMakeFiles/cmTryCompileExec2207148087.dir/build.make CMakeFiles/cmTryCompileExec2207148087.dir/build
make[1]: Entering directory `/home/kumaran/git/gromacs/CMakeFiles/CMakeTmp'
/usr/bin/cmake -E cmake_progress_report /home/kumaran/git/gromacs/CMakeFiles/CMakeTmp/CMakeFiles 1
Building CXX object CMakeFiles/cmTryCompileExec2207148087.dir/CheckSymbolExists.cxx.o
/usr/bin/c++    -std=c++0x -Wundef -Wextra -Wno-missing-field-initializers -Wpointer-arith -Wall -Wno-unused-function     -o CMakeFiles/cmTryCompileExec2207148087.dir/CheckSymbolExists.cxx.o -c /home/kumaran/git/gromacs/CMakeFiles/CMakeTmp/CheckSymbolExists.cxx
/home/kumaran/git/gromacs/CMakeFiles/CMakeTmp/CheckSymbolExists.cxx: In function ‘int main(int, char**)’:
/home/kumaran/git/gromacs/CMakeFiles/CMakeTmp/CheckSymbolExists.cxx:8:19: error: ‘memalign’ was not declared in this scope
   return ((int*)(&memalign))[argc];
                   ^
make[1]: Leaving directory `/home/kumaran/git/gromacs/CMakeFiles/CMakeTmp'
make[1]: *** [CMakeFiles/cmTryCompileExec2207148087.dir/CheckSymbolExists.cxx.o] Error 1
make: *** [cmTryCompileExec2207148087/fast] Error 2

File /home/kumaran/git/gromacs/CMakeFiles/CMakeTmp/CheckSymbolExists.cxx:
/* */
#include <stdlib.h>

int main(int argc, char** argv)
{
  (void)argv;
#ifndef memalign
  return ((int*)(&memalign))[argc];
#else
  (void)argc;
  return 0;
#endif
}

Determining if the system is big endian passed with the following output:
Change Dir: /home/kumaran/git/gromacs/CMakeFiles/CMakeTmp

Run Build Command:/usr/bin/make "cmTryCompileExec2847037128/fast"
/usr/bin/make -f CMakeFiles/cmTryCompileExec2847037128.dir/build.make CMakeFiles/cmTryCompileExec2847037128.dir/build
make[1]: Entering directory `/home/kumaran/git/gromacs/CMakeFiles/CMakeTmp'
/usr/bin/cmake -E cmake_progress_report /home/kumaran/git/gromacs/CMakeFiles/CMakeTmp/CMakeFiles 1
Building C object CMakeFiles/cmTryCompileExec2847037128.dir/TestEndianess.c.o
/usr/bin/cc   -Wundef -Wextra -Wno-missing-field-initializers -Wno-sign-compare -Wpointer-arith -Wall -Wno-unused -Wunused-value -Wunused-parameter     -o CMakeFiles/cmTryCompileExec2847037128.dir/TestEndianess.c.o   -c /home/kumaran/git/gromacs/CMakeFiles/CMakeTmp/TestEndianess.c
Linking C executable cmTryCompileExec2847037128
/usr/bin/cmake -E cmake_link_script CMakeFiles/cmTryCompileExec2847037128.dir/link.txt --verbose=1
/usr/bin/cc   -Wundef -Wextra -Wno-missing-field-initializers -Wno-sign-compare -Wpointer-arith -Wall -Wno-unused -Wunused-value -Wunused-parameter      CMakeFiles/cmTryCompileExec2847037128.dir/TestEndianess.c.o  -o cmTryCompileExec2847037128 -rdynamic 
make[1]: Leaving directory `/home/kumaran/git/gromacs/CMakeFiles/CMakeTmp'

TestEndianess.c:
/* A 16 bit integer is required. */
typedef unsigned short cmakeint16;

/* On a little endian machine, these 16bit ints will give "THIS IS LITTLE ENDIAN."
   On a big endian machine the characters will be exchanged pairwise. */
const cmakeint16 info_little[] =  {0x4854, 0x5349, 0x4920, 0x2053, 0x494c, 0x5454, 0x454c, 0x4520, 0x444e, 0x4149, 0x2e4e, 0x0000};

/* on a big endian machine, these 16bit ints will give "THIS IS BIG ENDIAN."
   On a little endian machine the characters will be exchanged pairwise. */
const cmakeint16 info_big[] =     {0x5448, 0x4953, 0x2049, 0x5320, 0x4249, 0x4720, 0x454e, 0x4449, 0x414e, 0x2e2e, 0x0000};

#ifdef __CLASSIC_C__
int main(argc, argv) int argc; char *argv[];
#else
int main(int argc, char *argv[])
#endif
{
  int require = 0;
  require += info_little[argc];
  require += info_big[argc];
  (void)argv;
  return require;
}


Determining if the pthread_create exist failed with the following output:
Change Dir: /home/kumaran/git/gromacs/CMakeFiles/CMakeTmp

Run Build Command:/usr/bin/make "cmTryCompileExec2635227063/fast"
/usr/bin/make -f CMakeFiles/cmTryCompileExec2635227063.dir/build.make CMakeFiles/cmTryCompileExec2635227063.dir/build
make[1]: Entering directory `/home/kumaran/git/gromacs/CMakeFiles/CMakeTmp'
/usr/bin/cmake -E cmake_progress_report /home/kumaran/git/gromacs/CMakeFiles/CMakeTmp/CMakeFiles 1
Building C object CMakeFiles/cmTryCompileExec2635227063.dir/CheckSymbolExists.c.o
/usr/bin/cc   -Wundef -Wextra -Wno-missing-field-initializers -Wno-sign-compare -Wpointer-arith -Wall -Wno-unused -Wunused-value -Wunused-parameter     -o CMakeFiles/cmTryCompileExec2635227063.dir/CheckSymbolExists.c.o   -c /home/kumaran/git/gromacs/CMakeFiles/CMakeTmp/CheckSymbolExists.c
Linking C executable cmTryCompileExec2635227063
/usr/bin/cmake -E cmake_link_script CMakeFiles/cmTryCompileExec2635227063.dir/link.txt --verbose=1
/usr/bin/cc   -Wundef -Wextra -Wno-missing-field-initializers -Wno-sign-compare -Wpointer-arith -Wall -Wno-unused -Wunused-value -Wunused-parameter      CMakeFiles/cmTryCompileExec2635227063.dir/CheckSymbolExists.c.o  -o cmTryCompileExec2635227063 -rdynamic 
CMakeFiles/cmTryCompileExec2635227063.dir/CheckSymbolExists.c.o: In function `main':
CheckSymbolExists.c:(.text+0x16): undefined reference to `pthread_create'
collect2: error: ld returned 1 exit status
make[1]: *** [cmTryCompileExec2635227063] Error 1
make[1]: Leaving directory `/home/kumaran/git/gromacs/CMakeFiles/CMakeTmp'
make: *** [cmTryCompileExec2635227063/fast] Error 2

File /home/kumaran/git/gromacs/CMakeFiles/CMakeTmp/CheckSymbolExists.c:
/* */
#include <pthread.h>

int main(int argc, char** argv)
{
  (void)argv;
#ifndef pthread_create
  return ((int*)(&pthread_create))[argc];
#else
  (void)argc;
  return 0;
#endif
}

Determining if the function pthread_create exists in the pthreads failed with the following output:
Change Dir: /home/kumaran/git/gromacs/CMakeFiles/CMakeTmp

Run Build Command:/usr/bin/make "cmTryCompileExec2539897862/fast"
/usr/bin/make -f CMakeFiles/cmTryCompileExec2539897862.dir/build.make CMakeFiles/cmTryCompileExec2539897862.dir/build
make[1]: Entering directory `/home/kumaran/git/gromacs/CMakeFiles/CMakeTmp'
/usr/bin/cmake -E cmake_progress_report /home/kumaran/git/gromacs/CMakeFiles/CMakeTmp/CMakeFiles 1
Building C object CMakeFiles/cmTryCompileExec2539897862.dir/CheckFunctionExists.c.o
/usr/bin/cc   -Wundef -Wextra -Wno-missing-field-initializers -Wno-sign-compare -Wpointer-arith -Wall -Wno-unused -Wunused-value -Wunused-parameter  -DCHECK_FUNCTION_EXISTS=pthread_create   -o CMakeFiles/cmTryCompileExec2539897862.dir/CheckFunctionExists.c.o   -c /usr/share/cmake-2.8/Modules/CheckFunctionExists.c
Linking C executable cmTryCompileExec2539897862
/usr/bin/cmake -E cmake_link_script CMakeFiles/cmTryCompileExec2539897862.dir/link.txt --verbose=1
/usr/bin/cc   -Wundef -Wextra -Wno-missing-field-initializers -Wno-sign-compare -Wpointer-arith -Wall -Wno-unused -Wunused-value -Wunused-parameter  -DCHECK_FUNCTION_EXISTS=pthread_create    CMakeFiles/cmTryCompileExec2539897862.dir/CheckFunctionExists.c.o  -o cmTryCompileExec2539897862 -rdynamic -lpthreads 
/usr/bin/ld: cannot find -lpthreads
collect2: error: ld returned 1 exit status
make[1]: *** [cmTryCompileExec2539897862] Error 1
make[1]: Leaving directory `/home/kumaran/git/gromacs/CMakeFiles/CMakeTmp'
make: *** [cmTryCompileExec2539897862/fast] Error 2


Performing C SOURCE FILE Test _callconv___vectorcall failed with the following output:
Change Dir: /home/kumaran/git/gromacs/CMakeFiles/CMakeTmp

Run Build Command:/usr/bin/make "cmTryCompileExec2961858752/fast"
/usr/bin/make -f CMakeFiles/cmTryCompileExec2961858752.dir/build.make CMakeFiles/cmTryCompileExec2961858752.dir/build
make[1]: Entering directory `/home/kumaran/git/gromacs/CMakeFiles/CMakeTmp'
/usr/bin/cmake -E cmake_progress_report /home/kumaran/git/gromacs/CMakeFiles/CMakeTmp/CMakeFiles 1
Building C object CMakeFiles/cmTryCompileExec2961858752.dir/src.c.o
/usr/bin/cc   -Wundef -Wextra -Wno-missing-field-initializers -Wno-sign-compare -Wpointer-arith -Wall -Wno-unused -Wunused-value -Wunused-parameter  -D_callconv___vectorcall   -o CMakeFiles/cmTryCompileExec2961858752.dir/src.c.o   -c /home/kumaran/git/gromacs/CMakeFiles/CMakeTmp/src.c
/home/kumaran/git/gromacs/CMakeFiles/CMakeTmp/src.c:1:18: error: expected ‘=’, ‘,’, ‘;’, ‘asm’ or ‘__attribute__’ before ‘f’
 int __vectorcall f(int i) {return i;} int main(void) {return f(0);}
                  ^
/home/kumaran/git/gromacs/CMakeFiles/CMakeTmp/src.c: In function ‘main’:
/home/kumaran/git/gromacs/CMakeFiles/CMakeTmp/src.c:1:18: warning: implicit declaration of function ‘f’ [-Wimplicit-function-declaration]
make[1]: *** [CMakeFiles/cmTryCompileExec2961858752.dir/src.c.o] Error 1
make[1]: Leaving directory `/home/kumaran/git/gromacs/CMakeFiles/CMakeTmp'
make: *** [cmTryCompileExec2961858752/fast] Error 2

Source file was:
int __vectorcall f(int i) {return i;} int main(void) {return f(0);}
Performing C SOURCE FILE Test _callconv___regcall failed with the following output:
Change Dir: /home/kumaran/git/gromacs/CMakeFiles/CMakeTmp

Run Build Command:/usr/bin/make "cmTryCompileExec606903333/fast"
/usr/bin/make -f CMakeFiles/cmTryCompileExec606903333.dir/build.make CMakeFiles/cmTryCompileExec606903333.dir/build
make[1]: Entering directory `/home/kumaran/git/gromacs/CMakeFiles/CMakeTmp'
/usr/bin/cmake -E cmake_progress_report /home/kumaran/git/gromacs/CMakeFiles/CMakeTmp/CMakeFiles 1
Building C object CMakeFiles/cmTryCompileExec606903333.dir/src.c.o
/usr/bin/cc   -Wundef -Wextra -Wno-missing-field-initializers -Wno-sign-compare -Wpointer-arith -Wall -Wno-unused -Wunused-value -Wunused-parameter  -D_callconv___regcall   -o CMakeFiles/cmTryCompileExec606903333.dir/src.c.o   -c /home/kumaran/git/gromacs/CMakeFiles/CMakeTmp/src.c
/home/kumaran/git/gromacs/CMakeFiles/CMakeTmp/src.c:1:15: error: expected ‘=’, ‘,’, ‘;’, ‘asm’ or ‘__attribute__’ before ‘f’
 int __regcall f(int i) {return i;} int main(void) {return f(0);}
               ^
/home/kumaran/git/gromacs/CMakeFiles/CMakeTmp/src.c: In function ‘main’:
/home/kumaran/git/gromacs/CMakeFiles/CMakeTmp/src.c:1:15: warning: implicit declaration of function ‘f’ [-Wimplicit-function-declaration]
make[1]: *** [CMakeFiles/cmTryCompileExec606903333.dir/src.c.o] Error 1
make[1]: Leaving directory `/home/kumaran/git/gromacs/CMakeFiles/CMakeTmp'
make: *** [cmTryCompileExec606903333/fast] Error 2

Source file was:
int __regcall f(int i) {return i;} int main(void) {return f(0);}
Determining if the system is big endian passed with the following output:
Change Dir: /home/kumaran/git/gromacs/CMakeFiles/CMakeTmp

Run Build Command:/usr/bin/make "cmTryCompileExec3552917750/fast"
/usr/bin/make -f CMakeFiles/cmTryCompileExec3552917750.dir/build.make CMakeFiles/cmTryCompileExec3552917750.dir/build
make[1]: Entering directory `/home/kumaran/git/gromacs/CMakeFiles/CMakeTmp'
/usr/bin/cmake -E cmake_progress_report /home/kumaran/git/gromacs/CMakeFiles/CMakeTmp/CMakeFiles 1
Building C object CMakeFiles/cmTryCompileExec3552917750.dir/TestEndianess.c.o
/usr/bin/cc   -march=core-avx2    -Wundef -Wextra -Wno-missing-field-initializers -Wno-sign-compare -Wpointer-arith -Wall -Wno-unused -Wunused-value -Wunused-parameter     -o CMakeFiles/cmTryCompileExec3552917750.dir/TestEndianess.c.o   -c /home/kumaran/git/gromacs/CMakeFiles/CMakeTmp/TestEndianess.c
Linking C executable cmTryCompileExec3552917750
/usr/bin/cmake -E cmake_link_script CMakeFiles/cmTryCompileExec3552917750.dir/link.txt --verbose=1
/usr/bin/cc   -march=core-avx2    -Wundef -Wextra -Wno-missing-field-initializers -Wno-sign-compare -Wpointer-arith -Wall -Wno-unused -Wunused-value -Wunused-parameter      CMakeFiles/cmTryCompileExec3552917750.dir/TestEndianess.c.o  -o cmTryCompileExec3552917750 -rdynamic 
make[1]: Leaving directory `/home/kumaran/git/gromacs/CMakeFiles/CMakeTmp'

TestEndianess.c:
/* A 16 bit integer is required. */
typedef unsigned short cmakeint16;

/* On a little endian machine, these 16bit ints will give "THIS IS LITTLE ENDIAN."
   On a big endian machine the characters will be exchanged pairwise. */
const cmakeint16 info_little[] =  {0x4854, 0x5349, 0x4920, 0x2053, 0x494c, 0x5454, 0x454c, 0x4520, 0x444e, 0x4149, 0x2e4e, 0x0000};

/* on a big endian machine, these 16bit ints will give "THIS IS BIG ENDIAN."
   On a little endian machine the characters will be exchanged pairwise. */
const cmakeint16 info_big[] =     {0x5448, 0x4953, 0x2049, 0x5320, 0x4249, 0x4720, 0x454e, 0x4449, 0x414e, 0x2e2e, 0x0000};

#ifdef __CLASSIC_C__
int main(argc, argv) int argc; char *argv[];
#else
int main(int argc, char *argv[])
#endif
{
  int require = 0;
  require += info_little[argc];
  require += info_big[argc];
  (void)argv;
  return require;
}


